<?xml version="1.0" encoding="UTF-8"?>
<testsuite name="domain.PlayTest" tests="4" skipped="0" failures="0" errors="0" timestamp="2020-09-10T04:39:40" hostname="DESKTOP-SUUPRUU" time="0.058">
  <properties/>
  <testcase name="NotString(String)[1]" classname="domain.PlayTest" time="0.042"/>
  <testcase name="NotString(String)[2]" classname="domain.PlayTest" time="0.002"/>
  <testcase name="NotString(String)[3]" classname="domain.PlayTest" time="0.002"/>
  <testcase name="NotString(String)[4]" classname="domain.PlayTest" time="0.002"/>
  <system-out><![CDATA[]]></system-out>
  <system-err><![CDATA[]]></system-err>
</testsuite>
